ToTproject/app/build/intermediates/manifest_merge_blame_file/debug/manifest-merger-blame-debug-report.txt
1<?xml version="1.0" encoding="utf-8"?>
2<manifest xmlns:android="http://schemas.android.com/apk/res/android"
3    package="com.example.totproject"
4    android:versionCode="1"
5    android:versionName="1.0" >
6
7    <uses-sdk
8        android:minSdkVersion="21"
8-->src\main\AndroidManifest.xml
9        android:targetSdkVersion="31" />
9-->src\main\AndroidManifest.xml
10    <!-- 인터넷 사용 권한 설정 -->
11    <uses-permission android:name="android.permission.INTERNET" />
11-->src\main\AndroidManifest.xml:5:5-67
11-->src\main\AndroidManifest.xml:5:22-64
12
13    <queries>
13-->[com.kakao.sdk:v2-navi:2.8.4] AndroidManifest.xml:11:5-14:15
14        <package android:name="com.locnall.KimGiSa" />
14-->[com.kakao.sdk:v2-navi:2.8.4] AndroidManifest.xml:12:9-55
14-->[com.kakao.sdk:v2-navi:2.8.4] AndroidManifest.xml:12:18-52
15        <package android:name="com.lguplus.navi" />
15-->[com.kakao.sdk:v2-navi:2.8.4] AndroidManifest.xml:13:9-52
15-->[com.kakao.sdk:v2-navi:2.8.4] AndroidManifest.xml:13:18-49
16        <package android:name="com.kakao.talk" />
16-->[com.kakao.sdk:v2-common:2.8.4] AndroidManifest.xml:12:9-50
16-->[com.kakao.sdk:v2-common:2.8.4] AndroidManifest.xml:12:18-47
17        <package android:name="com.kakao.talk.alpha" />
17-->[com.kakao.sdk:v2-common:2.8.4] AndroidManifest.xml:13:9-56
17-->[com.kakao.sdk:v2-common:2.8.4] AndroidManifest.xml:13:18-53
18        <package android:name="com.kakao.talk.sandbox" />
18-->[com.kakao.sdk:v2-common:2.8.4] AndroidManifest.xml:14:9-58
18-->[com.kakao.sdk:v2-common:2.8.4] AndroidManifest.xml:14:18-55
19        <package android:name="com.kakao.onetalk" />
19-->[com.kakao.sdk:v2-common:2.8.4] AndroidManifest.xml:15:9-53
19-->[com.kakao.sdk:v2-common:2.8.4] AndroidManifest.xml:15:18-50
20        <package android:name="com.android.chrome" />
20-->[com.kakao.sdk:v2-common:2.8.4] AndroidManifest.xml:16:9-54
20-->[com.kakao.sdk:v2-common:2.8.4] AndroidManifest.xml:16:18-51
21        <package android:name="com.chrome.beta" />
21-->[com.kakao.sdk:v2-common:2.8.4] AndroidManifest.xml:17:9-51
21-->[com.kakao.sdk:v2-common:2.8.4] AndroidManifest.xml:17:18-48
22        <package android:name="com.chrome.dev" />
22-->[com.kakao.sdk:v2-common:2.8.4] AndroidManifest.xml:18:9-50
22-->[com.kakao.sdk:v2-common:2.8.4] AndroidManifest.xml:18:18-47
23    </queries>
24
25    <application
25-->src\main\AndroidManifest.xml:7:5-74:19
26        android:allowBackup="true"
26-->src\main\AndroidManifest.xml:8:9-35
27        android:appComponentFactory="androidx.core.app.CoreComponentFactory"
27-->[androidx.core:core:1.7.0] AndroidManifest.xml:24:18-86
28        android:debuggable="true"
29        android:icon="@mipmap/ic_launcher"
29-->src\main\AndroidManifest.xml:9:9-43
30        android:label="@string/app_name"
30-->src\main\AndroidManifest.xml:10:9-41
31        android:roundIcon="@mipmap/ic_launcher_round"
31-->src\main\AndroidManifest.xml:11:9-54
32        android:supportsRtl="true"
32-->src\main\AndroidManifest.xml:12:9-35
33        android:testOnly="true"
34        android:theme="@style/Theme.ToTproject"
34-->src\main\AndroidManifest.xml:14:9-48
35        android:usesCleartextTraffic="true" >
35-->src\main\AndroidManifest.xml:13:9-44
36        <activity
36-->src\main\AndroidManifest.xml:15:9-17:40
37            android:name="com.example.totproject.party_plan.PlanCreatePlanActivity"
37-->src\main\AndroidManifest.xml:16:13-62
38            android:exported="false" />
38-->src\main\AndroidManifest.xml:17:13-37
39        <activity
39-->src\main\AndroidManifest.xml:18:9-20:40
40            android:name="com.example.totproject.party_plan.PlanMainActivity"
40-->src\main\AndroidManifest.xml:19:13-56
41            android:exported="false" />
41-->src\main\AndroidManifest.xml:20:13-37
42        <activity
42-->src\main\AndroidManifest.xml:21:9-23:40
43            android:name="com.example.totproject.party_plan.PlanUpdatePlanActivity"
43-->src\main\AndroidManifest.xml:22:13-62
44            android:exported="false" />
44-->src\main\AndroidManifest.xml:23:13-37
45        <activity
45-->src\main\AndroidManifest.xml:25:9-27:40
46            android:name="com.example.totproject.party.MyPartyInfoActivity"
46-->src\main\AndroidManifest.xml:26:13-54
47            android:exported="false" />
47-->src\main\AndroidManifest.xml:27:13-37
48        <activity
48-->src\main\AndroidManifest.xml:28:9-30:40
49            android:name="com.example.totproject.party.PartyCreateActivity"
49-->src\main\AndroidManifest.xml:29:13-54
50            android:exported="false" />
50-->src\main\AndroidManifest.xml:30:13-37
51        <activity
51-->src\main\AndroidManifest.xml:31:9-33:40
52            android:name="com.example.totproject.party.PartyJoinActivity"
52-->src\main\AndroidManifest.xml:32:13-52
53            android:exported="false" />
53-->src\main\AndroidManifest.xml:33:13-37
54        <activity
54-->src\main\AndroidManifest.xml:34:9-36:40
55            android:name="com.example.totproject.party.PartyMainActivity"
55-->src\main\AndroidManifest.xml:35:13-52
56            android:exported="false" />
56-->src\main\AndroidManifest.xml:36:13-37
57        <activity
57-->src\main\AndroidManifest.xml:38:9-40:40
58            android:name="com.example.totproject.zzchaminhwan.MainBurger00Activity"
58-->src\main\AndroidManifest.xml:39:13-62
59            android:exported="false" />
59-->src\main\AndroidManifest.xml:40:13-37
60        <activity
60-->src\main\AndroidManifest.xml:41:9-43:40
61            android:name="com.example.totproject.category.CategoryMainActivity"
61-->src\main\AndroidManifest.xml:42:13-58
62            android:exported="false" />
62-->src\main\AndroidManifest.xml:43:13-37
63        <activity
63-->src\main\AndroidManifest.xml:44:9-46:40
64            android:name="com.example.totproject.board.Activity03BoardDetail"
64-->src\main\AndroidManifest.xml:45:13-56
65            android:exported="false" />
65-->src\main\AndroidManifest.xml:46:13-37
66        <activity
66-->src\main\AndroidManifest.xml:47:9-49:40
67            android:name="com.example.totproject.login.TendencyActivity01"
67-->src\main\AndroidManifest.xml:48:13-53
68            android:exported="false" />
68-->src\main\AndroidManifest.xml:49:13-37
69        <activity
69-->src\main\AndroidManifest.xml:50:9-52:40
70            android:name="com.example.totproject.login.TendencyActivity02"
70-->src\main\AndroidManifest.xml:51:13-53
71            android:exported="false" />
71-->src\main\AndroidManifest.xml:52:13-37
72        <activity
72-->src\main\AndroidManifest.xml:53:9-55:40
73            android:name="com.example.totproject.login.JoinActivity"
73-->src\main\AndroidManifest.xml:54:13-47
74            android:exported="false" />
74-->src\main\AndroidManifest.xml:55:13-37
75        <activity
75-->src\main\AndroidManifest.xml:56:9-58:40
76            android:name="com.example.totproject.main.MainActivity"
76-->src\main\AndroidManifest.xml:57:13-46
77            android:exported="false" />
77-->src\main\AndroidManifest.xml:58:13-37
78        <activity
78-->src\main\AndroidManifest.xml:59:9-61:40
79            android:name="com.example.totproject.login.LoginActivity"
79-->src\main\AndroidManifest.xml:60:13-48
80            android:exported="false" />
80-->src\main\AndroidManifest.xml:61:13-37
81        <activity
81-->src\main\AndroidManifest.xml:62:9-70:20
82            android:name="com.example.totproject.login.SplashActivity"
82-->src\main\AndroidManifest.xml:63:13-49
83            android:exported="true" >
83-->src\main\AndroidManifest.xml:64:13-36
84            <intent-filter>
84-->src\main\AndroidManifest.xml:65:13-69:29
85                <action android:name="android.intent.action.MAIN" />
85-->src\main\AndroidManifest.xml:66:17-69
85-->src\main\AndroidManifest.xml:66:25-66
86
87                <category android:name="android.intent.category.LAUNCHER" />
87-->src\main\AndroidManifest.xml:68:17-77
87-->src\main\AndroidManifest.xml:68:27-74
88            </intent-filter>
89        </activity>
90
91        <uses-library
91-->src\main\AndroidManifest.xml:71:9-73:40
92            android:name="org.apache.http.legacy"
92-->src\main\AndroidManifest.xml:72:13-50
93            android:required="false" />
93-->src\main\AndroidManifest.xml:73:13-37
94
95        <activity
95-->[com.kakao.sdk:v2-auth:2.8.4] AndroidManifest.xml:12:9-16:56
96            android:name="com.kakao.sdk.auth.TalkAuthCodeActivity"
96-->[com.kakao.sdk:v2-auth:2.8.4] AndroidManifest.xml:13:13-67
97            android:exported="false"
97-->[com.kakao.sdk:v2-auth:2.8.4] AndroidManifest.xml:14:13-37
98            android:launchMode="singleTask"
98-->[com.kakao.sdk:v2-auth:2.8.4] AndroidManifest.xml:15:13-44
99            android:theme="@style/TransparentCompat" />
99-->[com.kakao.sdk:v2-auth:2.8.4] AndroidManifest.xml:16:13-53
100        <activity
100-->[com.kakao.sdk:v2-auth:2.8.4] AndroidManifest.xml:17:9-20:56
101            android:name="com.kakao.sdk.auth.AuthCodeHandlerActivity"
101-->[com.kakao.sdk:v2-auth:2.8.4] AndroidManifest.xml:18:13-70
102            android:launchMode="singleTask"
102-->[com.kakao.sdk:v2-auth:2.8.4] AndroidManifest.xml:19:13-44
103            android:theme="@style/TransparentCompat" />
103-->[com.kakao.sdk:v2-auth:2.8.4] AndroidManifest.xml:20:13-53
104
105        <provider
105-->[androidx.emoji2:emoji2:1.0.0] AndroidManifest.xml:26:9-34:20
106            android:name="androidx.startup.InitializationProvider"
106-->[androidx.emoji2:emoji2:1.0.0] AndroidManifest.xml:27:13-67
107            android:authorities="com.example.totproject.androidx-startup"
107-->[androidx.emoji2:emoji2:1.0.0] AndroidManifest.xml:28:13-68
108            android:exported="false" >
108-->[androidx.emoji2:emoji2:1.0.0] AndroidManifest.xml:29:13-37
109            <meta-data
109-->[androidx.emoji2:emoji2:1.0.0] AndroidManifest.xml:31:13-33:52
110                android:name="androidx.emoji2.text.EmojiCompatInitializer"
110-->[androidx.emoji2:emoji2:1.0.0] AndroidManifest.xml:32:17-75
111                android:value="androidx.startup" />
111-->[androidx.emoji2:emoji2:1.0.0] AndroidManifest.xml:33:17-49
112            <meta-data
112-->[androidx.lifecycle:lifecycle-process:2.4.0] AndroidManifest.xml:31:13-33:52
113                android:name="androidx.lifecycle.ProcessLifecycleInitializer"
113-->[androidx.lifecycle:lifecycle-process:2.4.0] AndroidManifest.xml:32:17-78
114                android:value="androidx.startup" />
114-->[androidx.lifecycle:lifecycle-process:2.4.0] AndroidManifest.xml:33:17-49
115        </provider>
116    </application>
117
118</manifest>